<?xml version="1.0" encoding="UTF-8"?>
<testsuite xmlns:xsi="http://www.w3.org/2001/XMLSchema-instance" xsi:noNamespaceSchemaLocation="https://maven.apache.org/surefire/maven-surefire-plugin/xsd/surefire-test-report-3.0.xsd" version="3.0" name="edu.eci.cvds.tdd.library.LibraryTest" time="0.129" tests="15" errors="0" skipped="0" failures="0">
  <properties>
[...]
</properties>
  <testcase name="returnLoanAlreadyReturned" classname="edu.eci.cvds.tdd.library.LibraryTest" time="0.059"/>
  <testcase name="loanFailsIfUserAlreadyHasActiveLoanForSameBook" classname="edu.eci.cvds.tdd.library.LibraryTest" time="0.009"/>
  <testcase name="returnActiveLoan" classname="edu.eci.cvds.tdd.library.LibraryTest" time="0.003"/>
  <testcase name="loanFailsIfUserDoesNotExist" classname="edu.eci.cvds.tdd.library.LibraryTest" time="0.002"/>
  <testcase name="returnLoanWhenLoanIsNotActive" classname="edu.eci.cvds.tdd.library.LibraryTest" time="0.001"/>
  <testcase name="loanBookSuccessfully" classname="edu.eci.cvds.tdd.library.LibraryTest" time="0.001"/>
  <testcase name="loanFailsIfBookNotAvailable" classname="edu.eci.cvds.tdd.library.LibraryTest" time="0.001"/>
  <testcase name="addBookSuccessfully" classname="edu.eci.cvds.tdd.library.LibraryTest" time="0.002"/>
  <testcase name="addBookAndVerifyCorrectAmountAfterLoan" classname="edu.eci.cvds.tdd.library.LibraryTest" time="0.001"/>
  <testcase name="returnNonExistentLoan" classname="edu.eci.cvds.tdd.library.LibraryTest" time="0.001"/>
  <testcase name="returnLoanWithNullLoan" classname="edu.eci.cvds.tdd.library.LibraryTest" time="0.003"/>
  <testcase name="addBookIncreasesQuantityWhenBookAlreadyExists" classname="edu.eci.cvds.tdd.library.LibraryTest" time="0.001"/>
  <testcase name="addMultipleDifferentBooks" classname="edu.eci.cvds.tdd.library.LibraryTest" time="0.001"/>
  <testcase name="addBookFailsIfBookIsNull" classname="edu.eci.cvds.tdd.library.LibraryTest" time="0.002"/>
  <testcase name="loanDateIsSetCorrectly" classname="edu.eci.cvds.tdd.library.LibraryTest" time="0.001"/>
</testsuite>